<?xml version="1.0" encoding="UTF-8"?>
<!-- Generated by org.testng.reporters.JUnitReportReporter -->
<testsuite hostname="DESKTOP-F6VH8I7" failures="0" tests="1" name="com.spetrol.customerapp.CA01_LoginTest" time="19.747" errors="0" timestamp="2021-12-22T15:30:36 IST" skipped="0">
  <testcase classname="com.spetrol.customerapp.CA01_LoginTest" name="testLogin" time="19.747"/>
  <system-out/>
</testsuite> <!-- com.spetrol.customerapp.CA01_LoginTest -->
