<?xml version="1.0" encoding="UTF-8"?>
<!-- Generated by org.testng.reporters.JUnitReportReporter -->
<testsuite hostname="DESKTOP-F6VH8I7" failures="0" tests="1" name="com.spetrol.customerapp.CA02_LogoutTest" time="25.997" errors="0" timestamp="2021-12-22T16:52:02 IST" skipped="0">
  <testcase classname="com.spetrol.customerapp.CA02_LogoutTest" name="testLogout" time="25.997"/>
  <system-out/>
</testsuite> <!-- com.spetrol.customerapp.CA02_LogoutTest -->
